[0.241s] DEBUG:colcon:Command line arguments: ['/usr/bin/colcon', 'build']
[0.241s] DEBUG:colcon:Parsed command line arguments: Namespace(allow_overriding=[], ament_cmake_args=None, base_paths=['.'], build_base='build', catkin_cmake_args=None, catkin_skip_building_tests=False, cmake_args=None, cmake_clean_cache=False, cmake_clean_first=False, cmake_force_configure=False, cmake_target=None, cmake_target_skip_unavailable=False, continue_on_error=False, event_handlers=None, executor='parallel', ignore_user_meta=False, install_base='install', log_base=None, log_level=None, main=<bound method BuildVerb.main of <colcon_core.verb.build.BuildVerb object at 0x7fc926f2e760>>, merge_install=False, metas=['./colcon.meta'], packages_above=None, packages_above_and_dependencies=None, packages_above_depth=None, packages_end=None, packages_ignore=None, packages_ignore_regex=None, packages_select=None, packages_select_build_failed=False, packages_select_by_dep=None, packages_select_regex=None, packages_select_test_failures=False, packages_skip=None, packages_skip_build_finished=False, packages_skip_by_dep=None, packages_skip_regex=None, packages_skip_test_passed=False, packages_skip_up_to=None, packages_start=None, packages_up_to=None, packages_up_to_regex=None, parallel_workers=16, paths=None, symlink_install=False, test_result_base=None, verb_extension=<colcon_core.verb.build.BuildVerb object at 0x7fc926f2e760>, verb_name='build', verb_parser=<colcon_defaults.argument_parser.defaults.DefaultArgumentsDecorator object at 0x7fc926f2eca0>)
[0.264s] Level 1:colcon.colcon_core.package_discovery:discover_packages(colcon_meta) check parameters
[0.264s] Level 1:colcon.colcon_core.package_discovery:discover_packages(recursive) check parameters
[0.264s] Level 1:colcon.colcon_core.package_discovery:discover_packages(ignore) check parameters
[0.264s] Level 1:colcon.colcon_core.package_discovery:discover_packages(path) check parameters
[0.264s] Level 1:colcon.colcon_core.package_discovery:discover_packages(colcon_meta) discover
[0.264s] Level 1:colcon.colcon_core.package_discovery:discover_packages(recursive) discover
[0.264s] INFO:colcon.colcon_core.package_discovery:Crawling recursively for packages in '/home/fmasa/ros2_ws/src/test_ros2_navigation'
[0.264s] Level 1:colcon.colcon_core.package_identification:_identify(.) by extensions ['ignore', 'ignore_ament_install']
[0.265s] Level 1:colcon.colcon_core.package_identification:_identify(.) by extension 'ignore'
[0.265s] Level 1:colcon.colcon_core.package_identification:_identify(.) by extension 'ignore_ament_install'
[0.265s] Level 1:colcon.colcon_core.package_identification:_identify(.) by extensions ['colcon_pkg']
[0.265s] Level 1:colcon.colcon_core.package_identification:_identify(.) by extension 'colcon_pkg'
[0.265s] Level 1:colcon.colcon_core.package_identification:_identify(.) by extensions ['colcon_meta']
[0.265s] Level 1:colcon.colcon_core.package_identification:_identify(.) by extension 'colcon_meta'
[0.265s] Level 1:colcon.colcon_core.package_identification:_identify(.) by extensions ['ros']
[0.265s] Level 1:colcon.colcon_core.package_identification:_identify(.) by extension 'ros'
[0.274s] DEBUG:colcon.colcon_core.package_identification:Package '.' with type 'ros.ament_python' and name 'test_ros2_navigation'
[0.274s] Level 1:colcon.colcon_core.package_discovery:discover_packages(recursive) using defaults
[0.274s] Level 1:colcon.colcon_core.package_discovery:discover_packages(ignore) discover
[0.274s] Level 1:colcon.colcon_core.package_discovery:discover_packages(ignore) using defaults
[0.274s] Level 1:colcon.colcon_core.package_discovery:discover_packages(path) discover
[0.274s] Level 1:colcon.colcon_core.package_discovery:discover_packages(path) using defaults
[0.288s] Level 1:colcon.colcon_core.package_discovery:discover_packages(prefix_path) check parameters
[0.288s] Level 1:colcon.colcon_core.package_discovery:discover_packages(prefix_path) discover
[0.290s] DEBUG:colcon.colcon_installed_package_information.package_discovery:Found 5 installed packages in /home/fmasa/ros2_ws/install
[0.291s] DEBUG:colcon.colcon_installed_package_information.package_discovery:Found 332 installed packages in /opt/ros/foxy
[0.293s] Level 1:colcon.colcon_core.package_discovery:discover_packages(prefix_path) using defaults
[0.346s] Level 5:colcon.colcon_core.verb:set package 'test_ros2_navigation' build argument 'cmake_args' from command line to 'None'
[0.346s] Level 5:colcon.colcon_core.verb:set package 'test_ros2_navigation' build argument 'cmake_target' from command line to 'None'
[0.346s] Level 5:colcon.colcon_core.verb:set package 'test_ros2_navigation' build argument 'cmake_target_skip_unavailable' from command line to 'False'
[0.346s] Level 5:colcon.colcon_core.verb:set package 'test_ros2_navigation' build argument 'cmake_clean_cache' from command line to 'False'
[0.346s] Level 5:colcon.colcon_core.verb:set package 'test_ros2_navigation' build argument 'cmake_clean_first' from command line to 'False'
[0.346s] Level 5:colcon.colcon_core.verb:set package 'test_ros2_navigation' build argument 'cmake_force_configure' from command line to 'False'
[0.346s] Level 5:colcon.colcon_core.verb:set package 'test_ros2_navigation' build argument 'ament_cmake_args' from command line to 'None'
[0.346s] Level 5:colcon.colcon_core.verb:set package 'test_ros2_navigation' build argument 'catkin_cmake_args' from command line to 'None'
[0.346s] Level 5:colcon.colcon_core.verb:set package 'test_ros2_navigation' build argument 'catkin_skip_building_tests' from command line to 'False'
[0.346s] DEBUG:colcon.colcon_core.verb:Building package 'test_ros2_navigation' with the following arguments: {'ament_cmake_args': None, 'build_base': '/home/fmasa/ros2_ws/src/test_ros2_navigation/build/test_ros2_navigation', 'catkin_cmake_args': None, 'catkin_skip_building_tests': False, 'cmake_args': None, 'cmake_clean_cache': False, 'cmake_clean_first': False, 'cmake_force_configure': False, 'cmake_target': None, 'cmake_target_skip_unavailable': False, 'install_base': '/home/fmasa/ros2_ws/src/test_ros2_navigation/install/test_ros2_navigation', 'merge_install': False, 'path': '/home/fmasa/ros2_ws/src/test_ros2_navigation', 'symlink_install': False, 'test_result_base': None}
[0.347s] INFO:colcon.colcon_core.executor:Executing jobs using 'parallel' executor
[0.349s] DEBUG:colcon.colcon_parallel_executor.executor.parallel:run_until_complete
[0.349s] INFO:colcon.colcon_ros.task.ament_python.build:Building ROS package in '/home/fmasa/ros2_ws/src/test_ros2_navigation' with build type 'ament_python'
[0.349s] Level 1:colcon.colcon_core.shell:create_environment_hook('test_ros2_navigation', 'ament_prefix_path')
[0.352s] INFO:colcon.colcon_core.plugin_system:Skipping extension 'colcon_core.shell.bat': Not used on non-Windows systems
[0.353s] INFO:colcon.colcon_core.shell:Creating environment hook '/home/fmasa/ros2_ws/src/test_ros2_navigation/install/test_ros2_navigation/share/test_ros2_navigation/hook/ament_prefix_path.ps1'
[0.353s] INFO:colcon.colcon_core.shell:Creating environment descriptor '/home/fmasa/ros2_ws/src/test_ros2_navigation/install/test_ros2_navigation/share/test_ros2_navigation/hook/ament_prefix_path.dsv'
[0.353s] INFO:colcon.colcon_core.shell:Creating environment hook '/home/fmasa/ros2_ws/src/test_ros2_navigation/install/test_ros2_navigation/share/test_ros2_navigation/hook/ament_prefix_path.sh'
[0.355s] INFO:colcon.colcon_core.shell:Skip shell extension 'powershell' for command environment: Not usable outside of PowerShell
[0.355s] DEBUG:colcon.colcon_core.shell:Skip shell extension 'dsv' for command environment
[0.548s] INFO:colcon.colcon_core.task.python.build:Building Python package in '/home/fmasa/ros2_ws/src/test_ros2_navigation'
[0.549s] INFO:colcon.colcon_core.shell:Skip shell extension 'powershell' for command environment: Not usable outside of PowerShell
[0.549s] DEBUG:colcon.colcon_core.shell:Skip shell extension 'dsv' for command environment
[0.937s] DEBUG:colcon.colcon_core.event_handler.log_command:Invoking command in '/home/fmasa/ros2_ws/src/test_ros2_navigation': PS1=
\[[1;32m\]ros2_ws/src/test_ros2_navigation\[[0m\] via \[[1;33m\]ðŸ \[[0m\]\[[1;33m\]\[[0m\]\[[1;33m\]v3.8.10\[[0m\]\[[1;33m\] \[[0m\]took \[[1;33m\]9s\[[0m\]
\[[1;34m\]>>>\[[0m\] PYTHONPATH=/home/fmasa/ros2_ws/src/test_ros2_navigation/build/test_ros2_navigation/prefix_override:/home/fmasa/ros2_ws/src/test_ros2_navigation/install/test_ros2_navigation/lib/python3.8/site-packages:${PYTHONPATH} /usr/bin/python3 setup.py egg_info --egg-base build/test_ros2_navigation build --build-base /home/fmasa/ros2_ws/src/test_ros2_navigation/build/test_ros2_navigation/build install --record /home/fmasa/ros2_ws/src/test_ros2_navigation/build/test_ros2_navigation/install.log --install-scripts $base/lib/test_ros2_navigation --single-version-externally-managed
[1.182s] DEBUG:colcon.colcon_core.event_handler.log_command:Invoked command in '/home/fmasa/ros2_ws/src/test_ros2_navigation' returned '0': PS1=
\[[1;32m\]ros2_ws/src/test_ros2_navigation\[[0m\] via \[[1;33m\]ðŸ \[[0m\]\[[1;33m\]\[[0m\]\[[1;33m\]v3.8.10\[[0m\]\[[1;33m\] \[[0m\]took \[[1;33m\]9s\[[0m\]
\[[1;34m\]>>>\[[0m\] PYTHONPATH=/home/fmasa/ros2_ws/src/test_ros2_navigation/build/test_ros2_navigation/prefix_override:/home/fmasa/ros2_ws/src/test_ros2_navigation/install/test_ros2_navigation/lib/python3.8/site-packages:${PYTHONPATH} /usr/bin/python3 setup.py egg_info --egg-base build/test_ros2_navigation build --build-base /home/fmasa/ros2_ws/src/test_ros2_navigation/build/test_ros2_navigation/build install --record /home/fmasa/ros2_ws/src/test_ros2_navigation/build/test_ros2_navigation/install.log --install-scripts $base/lib/test_ros2_navigation --single-version-externally-managed
[1.186s] Level 1:colcon.colcon_core.environment:checking '/home/fmasa/ros2_ws/src/test_ros2_navigation/install/test_ros2_navigation' for CMake module files
[1.186s] Level 1:colcon.colcon_core.environment:checking '/home/fmasa/ros2_ws/src/test_ros2_navigation/install/test_ros2_navigation' for CMake config files
[1.187s] Level 1:colcon.colcon_core.environment:checking '/home/fmasa/ros2_ws/src/test_ros2_navigation/install/test_ros2_navigation/lib'
[1.187s] Level 1:colcon.colcon_core.environment:checking '/home/fmasa/ros2_ws/src/test_ros2_navigation/install/test_ros2_navigation/bin'
[1.187s] Level 1:colcon.colcon_core.environment:checking '/home/fmasa/ros2_ws/src/test_ros2_navigation/install/test_ros2_navigation/lib/pkgconfig/test_ros2_navigation.pc'
[1.187s] Level 1:colcon.colcon_core.environment:checking '/home/fmasa/ros2_ws/src/test_ros2_navigation/install/test_ros2_navigation/lib/python3.8/site-packages'
[1.187s] Level 1:colcon.colcon_core.shell:create_environment_hook('test_ros2_navigation', 'pythonpath')
[1.188s] INFO:colcon.colcon_core.shell:Creating environment hook '/home/fmasa/ros2_ws/src/test_ros2_navigation/install/test_ros2_navigation/share/test_ros2_navigation/hook/pythonpath.ps1'
[1.188s] INFO:colcon.colcon_core.shell:Creating environment descriptor '/home/fmasa/ros2_ws/src/test_ros2_navigation/install/test_ros2_navigation/share/test_ros2_navigation/hook/pythonpath.dsv'
[1.189s] INFO:colcon.colcon_core.shell:Creating environment hook '/home/fmasa/ros2_ws/src/test_ros2_navigation/install/test_ros2_navigation/share/test_ros2_navigation/hook/pythonpath.sh'
[1.189s] Level 1:colcon.colcon_core.environment:checking '/home/fmasa/ros2_ws/src/test_ros2_navigation/install/test_ros2_navigation/bin'
[1.189s] Level 1:colcon.colcon_core.environment:create_environment_scripts_only(test_ros2_navigation)
[1.190s] INFO:colcon.colcon_core.shell:Creating package script '/home/fmasa/ros2_ws/src/test_ros2_navigation/install/test_ros2_navigation/share/test_ros2_navigation/package.ps1'
[1.191s] INFO:colcon.colcon_core.shell:Creating package descriptor '/home/fmasa/ros2_ws/src/test_ros2_navigation/install/test_ros2_navigation/share/test_ros2_navigation/package.dsv'
[1.192s] INFO:colcon.colcon_core.shell:Creating package script '/home/fmasa/ros2_ws/src/test_ros2_navigation/install/test_ros2_navigation/share/test_ros2_navigation/package.sh'
[1.192s] INFO:colcon.colcon_core.shell:Creating package script '/home/fmasa/ros2_ws/src/test_ros2_navigation/install/test_ros2_navigation/share/test_ros2_navigation/package.bash'
[1.193s] INFO:colcon.colcon_core.shell:Creating package script '/home/fmasa/ros2_ws/src/test_ros2_navigation/install/test_ros2_navigation/share/test_ros2_navigation/package.zsh'
[1.193s] Level 1:colcon.colcon_core.environment:create_file_with_runtime_dependencies(/home/fmasa/ros2_ws/src/test_ros2_navigation/install/test_ros2_navigation/share/colcon-core/packages/test_ros2_navigation)
[1.194s] DEBUG:colcon.colcon_parallel_executor.executor.parallel:closing loop
[1.194s] DEBUG:colcon.colcon_parallel_executor.executor.parallel:loop closed
[1.194s] DEBUG:colcon.colcon_parallel_executor.executor.parallel:run_until_complete finished with '0'
[1.194s] DEBUG:colcon.colcon_core.event_reactor:joining thread
[1.198s] INFO:colcon.colcon_core.plugin_system:Skipping extension 'colcon_notification.desktop_notification.terminal_notifier': Not used on non-Darwin systems
[1.198s] INFO:colcon.colcon_core.plugin_system:Skipping extension 'colcon_notification.desktop_notification.win32': Not used on non-Windows systems
[1.198s] INFO:colcon.colcon_notification.desktop_notification:Sending desktop notification using 'notify2'
[1.208s] DEBUG:colcon.colcon_core.event_reactor:joined thread
[1.210s] INFO:colcon.colcon_core.shell:Creating prefix script '/home/fmasa/ros2_ws/src/test_ros2_navigation/install/local_setup.ps1'
[1.211s] INFO:colcon.colcon_core.shell:Creating prefix util module '/home/fmasa/ros2_ws/src/test_ros2_navigation/install/_local_setup_util_ps1.py'
[1.212s] INFO:colcon.colcon_core.shell:Creating prefix chain script '/home/fmasa/ros2_ws/src/test_ros2_navigation/install/setup.ps1'
[1.214s] INFO:colcon.colcon_core.shell:Creating prefix script '/home/fmasa/ros2_ws/src/test_ros2_navigation/install/local_setup.sh'
[1.215s] INFO:colcon.colcon_core.shell:Creating prefix util module '/home/fmasa/ros2_ws/src/test_ros2_navigation/install/_local_setup_util_sh.py'
[1.215s] INFO:colcon.colcon_core.shell:Creating prefix chain script '/home/fmasa/ros2_ws/src/test_ros2_navigation/install/setup.sh'
[1.216s] INFO:colcon.colcon_core.shell:Creating prefix script '/home/fmasa/ros2_ws/src/test_ros2_navigation/install/local_setup.bash'
[1.217s] INFO:colcon.colcon_core.shell:Creating prefix chain script '/home/fmasa/ros2_ws/src/test_ros2_navigation/install/setup.bash'
[1.218s] INFO:colcon.colcon_core.shell:Creating prefix script '/home/fmasa/ros2_ws/src/test_ros2_navigation/install/local_setup.zsh'
[1.219s] INFO:colcon.colcon_core.shell:Creating prefix chain script '/home/fmasa/ros2_ws/src/test_ros2_navigation/install/setup.zsh'
